[16:56:37] [main/INFO]: Loading Minecraft 1.16.5 with Fabric Loader 0.14.14
[16:56:37] [main/INFO]: Loading 3 mods:
	- fabricloader 0.14.14
	- java 17
	- minecraft 1.16.5
[16:56:37] [main/INFO]: SpongePowered MIXIN Subsystem Version=0.8.5 Source=file:/Users/egorburian/servr/libraries/net/fabricmc/sponge-mixin/0.11.4+mixin.0.8.5/sponge-mixin-0.11.4+mixin.0.8.5.jar Service=Knot/Fabric Env=SERVER
[16:56:42] [main/INFO]: Environment: authHost='https://authserver.mojang.com', accountsHost='https://api.mojang.com', sessionHost='https://sessionserver.mojang.com', servicesHost='https://api.minecraftservices.com', name='PROD'
[16:56:43] [main/WARN]: Ambiguity between arguments [teleport, destination] and [teleport, targets] with inputs: [Player, 0123, @e, dd12be42-52a9-4a91-a8a1-11c01849e498]
[16:56:43] [main/WARN]: Ambiguity between arguments [teleport, location] and [teleport, destination] with inputs: [0.1 -0.5 .9, 0 0 0]
[16:56:43] [main/WARN]: Ambiguity between arguments [teleport, location] and [teleport, targets] with inputs: [0.1 -0.5 .9, 0 0 0]
[16:56:43] [main/WARN]: Ambiguity between arguments [teleport, targets] and [teleport, destination] with inputs: [Player, 0123, dd12be42-52a9-4a91-a8a1-11c01849e498]
[16:56:43] [main/WARN]: Ambiguity between arguments [teleport, targets, location] and [teleport, targets, destination] with inputs: [0.1 -0.5 .9, 0 0 0]
[16:56:43] [main/INFO]: Reloading ResourceManager: Default
[16:56:44] [Worker-Main-14/INFO]: Loaded 7 recipes
[16:56:44] [Worker-Main-14/INFO]: Loaded 927 advancements
[16:56:46] [Server thread/INFO]: Starting minecraft server version 1.16.5
[16:56:46] [Server thread/INFO]: Loading properties
[16:56:46] [Server thread/INFO]: Default game type: SURVIVAL
[16:56:46] [Server thread/INFO]: Generating keypair
[16:56:46] [Server thread/INFO]: Starting Minecraft server on *:25565
[16:56:46] [Server thread/INFO]: Using default channel type
[16:56:47] [Server thread/WARN]: **** SERVER IS RUNNING IN OFFLINE/INSECURE MODE!
[16:56:47] [Server thread/WARN]: The server will make no attempt to authenticate usernames. Beware.
[16:56:47] [Server thread/WARN]: While this makes the game possible to play without internet access, it also opens up the ability for hackers to connect with any username they choose.
[16:56:47] [Server thread/WARN]: To change this, set "online-mode" to "true" in the server.properties file.
[16:56:47] [Server thread/INFO]: Preparing level "world"
[16:56:47] [Server thread/INFO]: Preparing start region for dimension minecraft:overworld
[16:56:50] [Server thread/INFO]: Preparing spawn area: 0%
[16:56:50] [Server thread/INFO]: Preparing spawn area: 0%
[16:56:50] [Server thread/INFO]: Preparing spawn area: 0%
[16:56:50] [Server thread/INFO]: Preparing spawn area: 0%
[16:56:50] [Server thread/INFO]: Preparing spawn area: 0%
[16:56:50] [Server thread/INFO]: Preparing spawn area: 0%
[16:56:50] [Server thread/INFO]: Preparing spawn area: 0%
[16:56:50] [Server thread/INFO]: Preparing spawn area: 65%
[16:56:55] [Worker-Main-9/INFO]: Preparing spawn area: 83%
[16:56:55] [Worker-Main-9/INFO]: Preparing spawn area: 83%
[16:56:55] [Worker-Main-11/INFO]: Preparing spawn area: 83%
[16:56:55] [Worker-Main-11/INFO]: Preparing spawn area: 83%
[16:56:55] [Worker-Main-11/INFO]: Preparing spawn area: 83%
[16:56:55] [Worker-Main-11/INFO]: Preparing spawn area: 83%
[16:56:55] [Worker-Main-11/INFO]: Preparing spawn area: 83%
[16:56:55] [Worker-Main-11/INFO]: Preparing spawn area: 83%
[16:56:55] [Worker-Main-11/INFO]: Preparing spawn area: 83%
[16:56:56] [Worker-Main-11/INFO]: Preparing spawn area: 83%
[16:56:56] [Worker-Main-12/INFO]: Preparing spawn area: 83%
[16:56:56] [Worker-Main-8/INFO]: Preparing spawn area: 83%
[16:56:57] [Worker-Main-8/INFO]: Preparing spawn area: 83%
[16:56:57] [Worker-Main-10/INFO]: Preparing spawn area: 83%
[16:56:58] [Worker-Main-14/INFO]: Preparing spawn area: 83%
[16:56:58] [Worker-Main-11/INFO]: Preparing spawn area: 83%
[16:56:59] [Worker-Main-14/INFO]: Preparing spawn area: 83%
[16:56:59] [Worker-Main-13/INFO]: Preparing spawn area: 83%
[16:57:00] [Worker-Main-13/INFO]: Preparing spawn area: 83%
[16:57:00] [Worker-Main-9/INFO]: Preparing spawn area: 85%
[16:57:01] [Worker-Main-9/INFO]: Preparing spawn area: 87%
[16:57:01] [Worker-Main-12/INFO]: Preparing spawn area: 87%
[16:57:02] [Worker-Main-13/INFO]: Preparing spawn area: 91%
[16:57:02] [Worker-Main-14/INFO]: Preparing spawn area: 95%
[16:57:03] [Server thread/INFO]: Time elapsed: 16426 ms
[16:57:03] [Server thread/INFO]: Done (16.553s)! For help, type "help"
[17:00:00] [Server thread/INFO]: chorus2[/127.0.0.1:58627] logged in with entity id 203 at (45.5, 65.0, -222.5)
[17:00:00] [Server thread/INFO]: chorus2 joined the game
[17:00:33] [Server thread/INFO]: Made chorus2 a server operator
[17:00:42] [Server thread/INFO]: [chorus2: Set own game mode to Creative Mode]
[17:01:30] [Server thread/INFO]: chorus2 lost connection: Disconnected
[17:01:30] [Server thread/INFO]: chorus2 left the game
[17:03:45] [Server thread/INFO]: Unknown or incomplete command, see below for error
[17:03:45] [Server thread/INFO]: atop<--[HERE]
[17:03:47] [Server thread/INFO]: Stopping the server
[17:03:47] [Server thread/INFO]: Stopping server
[17:03:47] [Server thread/INFO]: Saving players
[17:03:47] [Server thread/INFO]: Saving worlds
[17:03:47] [Server thread/INFO]: Saving chunks for level 'ServerLevel[world]'/minecraft:overworld
[17:03:47] [Server thread/INFO]: ThreadedAnvilChunkStorage (world): All chunks are saved
[17:03:47] [Server thread/INFO]: Saving chunks for level 'ServerLevel[world]'/minecraft:the_nether
[17:03:47] [Server thread/INFO]: ThreadedAnvilChunkStorage (DIM-1): All chunks are saved
[17:03:47] [Server thread/INFO]: Saving chunks for level 'ServerLevel[world]'/minecraft:the_end
[17:03:47] [Server thread/INFO]: ThreadedAnvilChunkStorage (DIM1): All chunks are saved
[17:03:47] [Server thread/INFO]: ThreadedAnvilChunkStorage (world): All chunks are saved
[17:03:47] [Server thread/INFO]: ThreadedAnvilChunkStorage (DIM-1): All chunks are saved
[17:03:47] [Server thread/INFO]: ThreadedAnvilChunkStorage (DIM1): All chunks are saved
