[20:27:12] [ServerMain/INFO]: Environment: authHost='https://authserver.mojang.com', accountsHost='https://api.mojang.com', sessionHost='https://sessionserver.mojang.com', servicesHost='https://api.minecraftservices.com', name='PROD'
[20:27:13] [ServerMain/INFO]: Found new data pack file/bukkit, loading it automatically
[20:27:13] [Worker-Main-2/INFO]: Loaded 7 recipes
[20:27:15] [Server thread/INFO]: Starting minecraft server version 1.18.2
[20:27:15] [Server thread/INFO]: Loading properties
[20:27:15] [Server thread/INFO]: This server is running Patina version git-Paper-"dfc87b1" (MC: 1.18.2) (Implementing API version 1.18.2-R0.1-SNAPSHOT) (Git: dfc87b1 on ver/1.18.2)
[20:27:15] [Server thread/INFO]: Server Ping Player Sample Count: 12
[20:27:15] [Server thread/INFO]: Using 4 threads for Netty based IO
[20:27:15] [Server thread/WARN]: [Pufferfish] To improve performance, timings have been disabled by default
[20:27:15] [Server thread/WARN]: [Pufferfish] You can still use timings by using /timings on, but they will not start on server startup unless you set timings.really-enabled to true in paper.yml
[20:27:15] [Server thread/WARN]: [Pufferfish] If you would like to disable this message, either set timings.really-enabled to true or timings.enabled to false.
[20:27:15] [Server thread/INFO]: [Pufferfish] Max SIMD vector size on this system is 256 bits (int)
[20:27:15] [Server thread/INFO]: [Pufferfish] Max SIMD vector size on this system is 256 bits (float)
[20:27:15] [Server thread/INFO]: [Pufferfish] SIMD operations detected as functional. Will replace some operations with faster versions.
[20:27:15] [Server thread/INFO]: Default game type: SURVIVAL
[20:27:15] [Server thread/INFO]: Generating keypair
[20:27:15] [Server thread/INFO]: Starting Minecraft server on *:25565
[20:27:15] [Server thread/INFO]: Using default channel type
[20:27:15] [Server thread/INFO]: Paper: Using Java 11 compression from Velocity.
[20:27:15] [Server thread/INFO]: Paper: Using Java cipher from Velocity.
[20:27:15] [Server thread/INFO]: Preparing level "world"
[20:27:25] [Server thread/INFO]: Preparing start region for dimension minecraft:overworld
[20:27:25] [Worker-Main-1/INFO]: Preparing spawn area: 0%
[20:27:25] [Server thread/INFO]: Time elapsed: 431 ms
[20:27:25] [Server thread/INFO]: Preparing start region for dimension minecraft:the_end
[20:27:26] [Server thread/INFO]: Time elapsed: 383 ms
[20:27:26] [Server thread/INFO]: Preparing start region for dimension minecraft:the_nether
[20:27:26] [Worker-Main-1/INFO]: Preparing spawn area: 0%
[20:27:26] [Worker-Main-1/INFO]: Preparing spawn area: 0%
[20:27:27] [Worker-Main-1/INFO]: Preparing spawn area: 0%
[20:27:27] [Server thread/INFO]: Time elapsed: 1352 ms
[20:27:27] [Server thread/INFO]: Running delayed init tasks
[20:27:27] [Server thread/INFO]: Done (12.465s)! For help, type "help"
[20:27:27] [Server thread/INFO]: Timings Reset
[20:28:55] [Server thread/INFO]: Stopping the server
[20:28:55] [Server thread/INFO]: Stopping server
[20:28:55] [Server thread/INFO]: Saving players
[20:28:55] [Server thread/INFO]: Saving worlds
[20:28:55] [Server thread/INFO]: Saving chunks for level 'ServerLevel[world]'/minecraft:overworld
[20:28:58] [Server thread/INFO]: Saving chunks for level 'ServerLevel[world_the_end]'/minecraft:the_end
[20:28:58] [Server thread/INFO]: Saving chunks for level 'ServerLevel[world_nether]'/minecraft:the_nether
[20:28:58] [Server thread/INFO]: ThreadedAnvilChunkStorage (world): All chunks are saved
[20:28:58] [Server thread/INFO]: ThreadedAnvilChunkStorage (DIM1): All chunks are saved
[20:28:58] [Server thread/INFO]: ThreadedAnvilChunkStorage (DIM-1): All chunks are saved
[20:28:58] [Server thread/INFO]: ThreadedAnvilChunkStorage: All dimensions are saved
[20:28:58] [Server thread/INFO]: Flushing Chunk IO
[20:28:58] [Server thread/INFO]: Closing Thread Pool
