[17:44:18] [main/INFO] [com.velocitypowered.proxy.VelocityServer]: Booting up Velocity 3.2.0-SNAPSHOT (git-8761d02d-b225)...
[17:44:18] [main/INFO] [com.velocitypowered.proxy.VelocityServer]: Loading localizations...
[17:44:18] [main/INFO] [com.velocitypowered.proxy.network.ConnectionManager]: Connections will use NIO channels, Java compression, Java ciphers
[17:44:18] [main/WARN] [com.velocitypowered.proxy.config.VelocityConfiguration]: The proxy is running in offline mode! This is a security risk and you will NOT receive any support!
[17:44:18] [main/INFO] [com.velocitypowered.proxy.VelocityServer]: Loading plugins...
[17:44:18] [main/INFO] [com.velocitypowered.proxy.plugin.VelocityPluginManager]: Loaded plugin geyser 2.1.0-SNAPSHOT (git-master-29f234d) by GeyserMC
[17:44:18] [main/INFO] [com.velocitypowered.proxy.plugin.VelocityPluginManager]: Loaded plugin velocityplugin 1.0-SNAPSHOT by 
[17:44:18] [main/INFO] [com.velocitypowered.proxy.plugin.VelocityPluginManager]: Loaded plugin viaversion 4.5.1 by _MylesC, creeper123123321, Gerrygames, kennytv, Matsv
[17:44:18] [main/INFO] [com.velocitypowered.proxy.plugin.VelocityPluginManager]: Loaded plugin viabackwards 4.5.2-SNAPSHOT by Matsv, kennytv, Gerrygames, creeper123123321, ForceUpdate1
[17:44:18] [main/INFO] [com.velocitypowered.proxy.VelocityServer]: Loaded 4 plugins
[17:44:19] [Velocity Async Event Executor - #0/INFO] [geyser]: Завантаження розширень...
[17:44:19] [Velocity Async Event Executor - #0/INFO] [geyser]: Завантажено розширення: 0
[17:44:19] [Velocity Async Event Executor - #0/INFO] [velocityplugin]: hello
[17:44:19] [Via-Mappingloader-0/INFO] [viaversion]: Loading 1.12 -> 1.13 mappings...
[17:44:19] [Via-Mappingloader-1/INFO] [viaversion]: Loading 1.13 -> 1.13.2 mappings...
[17:44:19] [Via-Mappingloader-2/INFO] [viaversion]: Loading 1.13.2 -> 1.14 mappings...
[17:44:19] [Via-Mappingloader-3/INFO] [viaversion]: Loading 1.14 -> 1.15 mappings...
[17:44:19] [Via-Mappingloader-4/INFO] [viaversion]: Loading 1.15 -> 1.16 mappings...
[17:44:19] [Via-Mappingloader-5/INFO] [viaversion]: Loading 1.16 -> 1.16.2 mappings...
[17:44:19] [Via-Mappingloader-6/INFO] [viaversion]: Loading 1.16.2 -> 1.17 mappings...
[17:44:19] [Via-Mappingloader-7/INFO] [viaversion]: Loading 1.17 -> 1.18 mappings...
[17:44:19] [Via-Mappingloader-8/INFO] [viaversion]: Loading 1.18 -> 1.19 mappings...
[17:44:19] [Via-Mappingloader-0/INFO] [viaversion]: Loading block connection mappings ...
[17:44:19] [Velocity Async Event Executor - #0/INFO] [viaversion]: Replacing channel initializers; you can safely ignore the following two warnings.
[17:44:19] [Via-Mappingloader-1/INFO] [viaversion]: Loading 1.19 -> 1.19.3 mappings...
[17:44:19] [Velocity Async Event Executor - #0/WARN] [com.velocitypowered.proxy.network.ConnectionManager]: The server channel initializer has been replaced by java.base/jdk.internal.reflect.NativeMethodAccessorImpl.invoke0(Native Method)
[17:44:19] [Velocity Async Event Executor - #0/WARN] [com.velocitypowered.proxy.network.ConnectionManager]: The backend channel initializer has been replaced by java.base/jdk.internal.reflect.NativeMethodAccessorImpl.invoke0(Native Method)
[17:44:19] [Velocity Async Event Executor - #0/INFO] [viabackwards]: Loading translations...
[17:44:19] [Via-Mappingloader-2/INFO] [viabackwards]: Loading 1.10 -> 1.9.4 mappings...
[17:44:19] [Via-Mappingloader-4/INFO] [viabackwards]: Loading 1.11 -> 1.10 mappings...
[17:44:19] [Via-Mappingloader-6/INFO] [viabackwards]: Loading 1.12 -> 1.11 mappings...
[17:44:19] [Via-Mappingloader-7/INFO] [viabackwards]: Loading 1.13.2 -> 1.13 mappings...
[17:44:19] [Via-Mappingloader-7/INFO] [viabackwards]: Loading 1.14 -> 1.13.2 mappings...
[17:44:19] [Via-Mappingloader-1/INFO] [viabackwards]: Loading 1.15 -> 1.14 mappings...
[17:44:19] [Via-Mappingloader-8/INFO] [viabackwards]: Loading 1.13 -> 1.12 mappings...
[17:44:19] [Via-Mappingloader-0/INFO] [viabackwards]: Loading 1.16 -> 1.15 mappings...
[17:44:19] [Via-Mappingloader-1/INFO] [viabackwards]: Loading 1.16.2 -> 1.16 mappings...
[17:44:19] [Via-Mappingloader-7/INFO] [viabackwards]: Loading 1.17 -> 1.16.2 mappings...
[17:44:19] [Via-Mappingloader-8/INFO] [viabackwards]: Loading 1.18 -> 1.17 mappings...
[17:44:19] [Via-Mappingloader-8/INFO] [viabackwards]: Loading 1.19 -> 1.18 mappings...
[17:44:19] [Via-Mappingloader-8/INFO] [viabackwards]: Loading 1.19.3 -> 1.19 mappings...
[17:44:19] [Velocity Task Scheduler - #0/INFO] [viaversion]: ViaVersion detected lowest supported version by the proxy: 1.13 (393)
[17:44:19] [Velocity Task Scheduler - #0/INFO] [viaversion]: Highest supported version by the proxy: 1.19.3 (761)
[17:44:19] [Netty NIO Boss #0/INFO] [com.velocitypowered.proxy.network.ConnectionManager]: Listening on /[0:0:0:0:0:0:0:0]:2211
[17:44:19] [Velocity Async Event Executor - #1/INFO] [geyser]: ******************************************
[17:44:19] [Velocity Async Event Executor - #1/INFO] [geyser]: 
[17:44:19] [Velocity Async Event Executor - #1/INFO] [geyser]: Завантаження Geyser версії 2.1.0-SNAPSHOT (git-master-29f234d)
[17:44:19] [Velocity Async Event Executor - #1/INFO] [geyser]: 
[17:44:19] [Velocity Async Event Executor - #1/INFO] [geyser]: ******************************************
[17:44:19] [main/INFO] [com.velocitypowered.proxy.Velocity]: Done (2,17s)!
[17:44:20] [Velocity Task Scheduler - #1/INFO] [viaversion]: Finished mapping loading, shutting down loader executor!
[17:44:22] [Network Listener - #1/INFO] [geyser]: Geyser включений на 0.0.0.0:19132
[17:44:22] [Velocity Async Event Executor - #1/INFO] [geyser]: Готово (2,568)! Використовуйте команду /geyser help для допомоги!
[17:44:22] [ForkJoinPool.commonPool-worker-2/INFO] [geyser]: Доступно нове оновлення Geyser для підтримки версії Bedrock 1.19.62. Завантажте його тут: https://ci.geysermc.org
[17:45:12] [Network Listener - #1/INFO] [geyser]: /192.168.58.146:45291 намагається підключитися!
[17:45:14] [Network Listener - #3/INFO] [geyser]: Ігрок підключився з нікнеймом BossDonater
[17:45:14] [defaultEventLoopGroup-6-1/INFO] [geyser]: BossDonater (увійшов як: BossDonater) підключився до Java сервера
[17:45:14] [Netty NIO Worker #3/INFO] [com.velocitypowered.proxy.connection.client.AuthSessionHandler]: [connected player] BossDonater (/192.168.58.146:0) has connected
[17:45:14] [Netty NIO Worker #3/INFO] [com.velocitypowered.proxy.connection.MinecraftConnection]: [server connection] BossDonater -> lobby has connected
[17:46:02] [defaultEventLoopGroup-6-1/INFO] [geyser]: BossDonater відключився від Java серверу по причині Клієнт Bedrock вимкнено
[17:46:02] [Netty NIO Worker #3/INFO] [com.velocitypowered.proxy.connection.MinecraftConnection]: [connected player] BossDonater (/192.168.58.146:0) has disconnected
[17:46:02] [Netty NIO Worker #3/INFO] [com.velocitypowered.proxy.connection.MinecraftConnection]: [server connection] BossDonater -> lobby has disconnected
[17:52:30] [Thread-3/INFO] [com.velocitypowered.proxy.VelocityServer]: Shutting down the proxy...
[17:52:30] [Thread-3/INFO] [com.velocitypowered.proxy.network.ConnectionManager]: Closing endpoint /0.0.0.0:2211
[17:52:30] [Velocity Async Event Executor - #6/INFO] [geyser]: Вимикання Geyser.
[17:52:30] [Velocity Async Event Executor - #6/INFO] [geyser]: успішно вимкнено.
