[05лют.2023 17:45:29.236] [main/INFO] [cpw.mods.modlauncher.Launcher/MODLAUNCHER]: ModLauncher running: args [--gameDir, ., --launchTarget, fmlserver, --fml.forgeVersion, 36.2.34, --fml.mcpVersion, 20210115.111550, --fml.mcVersion, 1.16.5, --fml.forgeGroup, net.minecraftforge, --nogui]
[05лют.2023 17:45:29.240] [main/INFO] [cpw.mods.modlauncher.Launcher/MODLAUNCHER]: ModLauncher 8.1.3+8.1.3+main-8.1.x.c94d18ec starting: java version 1.8.0_361 by Oracle Corporation
[05лют.2023 17:45:29.475] [main/INFO] [net.minecraftforge.fml.loading.FixSSL/CORE]: Added Lets Encrypt root certificates as additional trust
[05лют.2023 17:45:29.512] [main/INFO] [mixin/]: SpongePowered MIXIN Subsystem Version=0.8.4 Source=file:/Users/egorburian/Downloads/serv/forge/libraries/org/spongepowered/mixin/0.8.4/mixin-0.8.4.jar Service=ModLauncher Env=SERVER
[05лют.2023 17:45:30.543] [main/INFO] [cpw.mods.modlauncher.LaunchServiceHandler/MODLAUNCHER]: Launching target 'fmlserver' with arguments [--gameDir, ., --nogui]
[05лют.2023 17:45:36.999] [main/ERROR] [net.minecraftforge.fml.javafmlmod.FMLModContainer/LOADING]: Failed to load class com.simibubi.create.Create
java.lang.NoClassDefFoundError: net/minecraft/client/renderer/tileentity/ItemStackTileEntityRenderer
	at com.simibubi.create.Create.<clinit>(Create.java:81) ~[create:mc1.16.5_v0.3.2e]
	at java.lang.Class.forName0(Native Method) ~[?:1.8.0_361]
	at java.lang.Class.forName(Class.java:348) ~[?:1.8.0_361]
	at net.minecraftforge.fml.javafmlmod.FMLModContainer.<init>(FMLModContainer.java:61) ~[forge:36.2]
	at sun.reflect.NativeConstructorAccessorImpl.newInstance0(Native Method) ~[?:1.8.0_361]
	at sun.reflect.NativeConstructorAccessorImpl.newInstance(NativeConstructorAccessorImpl.java:62) ~[?:1.8.0_361]
	at sun.reflect.DelegatingConstructorAccessorImpl.newInstance(DelegatingConstructorAccessorImpl.java:45) ~[?:1.8.0_361]
	at java.lang.reflect.Constructor.newInstance(Constructor.java:423) ~[?:1.8.0_361]
	at net.minecraftforge.fml.javafmlmod.FMLJavaModLanguageProvider$FMLModTarget.loadMod(FMLJavaModLanguageProvider.java:76) ~[forge:36.2]
	at net.minecraftforge.fml.ModLoader.buildModContainerFromTOML(ModLoader.java:302) ~[forge:?]
	at net.minecraftforge.fml.ModLoader.lambda$buildMods$29(ModLoader.java:281) ~[forge:?]
	at java.util.stream.ReferencePipeline$3$1.accept(ReferencePipeline.java:193) ~[?:1.8.0_361]
	at java.util.HashMap$EntrySpliterator.forEachRemaining(HashMap.java:1723) ~[?:1.8.0_361]
	at java.util.stream.AbstractPipeline.copyInto(AbstractPipeline.java:482) ~[?:1.8.0_361]
	at java.util.stream.AbstractPipeline.wrapAndCopyInto(AbstractPipeline.java:472) ~[?:1.8.0_361]
	at java.util.stream.ReduceOps$ReduceOp.evaluateSequential(ReduceOps.java:708) ~[?:1.8.0_361]
	at java.util.stream.AbstractPipeline.evaluate(AbstractPipeline.java:234) ~[?:1.8.0_361]
	at java.util.stream.ReferencePipeline.collect(ReferencePipeline.java:499) ~[?:1.8.0_361]
	at net.minecraftforge.fml.ModLoader.buildMods(ModLoader.java:283) ~[forge:?]
	at net.minecraftforge.fml.ModLoader.lambda$gatherAndInitializeMods$11(ModLoader.java:183) ~[forge:?]
	at java.util.stream.ReferencePipeline$3$1.accept(ReferencePipeline.java:193) ~[?:1.8.0_361]
	at java.util.stream.ReferencePipeline$3$1.accept(ReferencePipeline.java:193) ~[?:1.8.0_361]
	at java.util.ArrayList$ArrayListSpliterator.forEachRemaining(ArrayList.java:1384) ~[?:1.8.0_361]
	at java.util.stream.AbstractPipeline.copyInto(AbstractPipeline.java:482) ~[?:1.8.0_361]
	at java.util.stream.AbstractPipeline.wrapAndCopyInto(AbstractPipeline.java:472) ~[?:1.8.0_361]
	at java.util.stream.ReduceOps$ReduceOp.evaluateSequential(ReduceOps.java:708) ~[?:1.8.0_361]
	at java.util.stream.AbstractPipeline.evaluate(AbstractPipeline.java:234) ~[?:1.8.0_361]
	at java.util.stream.ReferencePipeline.collect(ReferencePipeline.java:499) ~[?:1.8.0_361]
	at net.minecraftforge.fml.ModLoader.gatherAndInitializeMods(ModLoader.java:185) ~[forge:?]
	at net.minecraftforge.fml.server.ServerModLoader.load(ServerModLoader.java:44) ~[forge:?]
	at net.minecraft.server.Main.main(Main.java:95) ~[?:?]
	at sun.reflect.NativeMethodAccessorImpl.invoke0(Native Method) ~[?:1.8.0_361]
	at sun.reflect.NativeMethodAccessorImpl.invoke(NativeMethodAccessorImpl.java:62) ~[?:1.8.0_361]
	at sun.reflect.DelegatingMethodAccessorImpl.invoke(DelegatingMethodAccessorImpl.java:43) ~[?:1.8.0_361]
	at java.lang.reflect.Method.invoke(Method.java:498) ~[?:1.8.0_361]
	at net.minecraftforge.fml.loading.FMLServerLaunchProvider.lambda$launchService$0(FMLServerLaunchProvider.java:51) ~[forge-1.16.5-36.2.34.jar:36.2]
	at cpw.mods.modlauncher.LaunchServiceHandlerDecorator.launch(LaunchServiceHandlerDecorator.java:37) [modlauncher-8.1.3.jar:?]
	at cpw.mods.modlauncher.LaunchServiceHandler.launch(LaunchServiceHandler.java:54) [modlauncher-8.1.3.jar:?]
	at cpw.mods.modlauncher.LaunchServiceHandler.launch(LaunchServiceHandler.java:72) [modlauncher-8.1.3.jar:?]
	at cpw.mods.modlauncher.Launcher.run(Launcher.java:82) [modlauncher-8.1.3.jar:?]
	at cpw.mods.modlauncher.Launcher.main(Launcher.java:66) [modlauncher-8.1.3.jar:?]
	at net.minecraftforge.server.ServerMain$Runner.runLauncher(ServerMain.java:63) [forge-1.16.5-36.2.34.jar:?]
	at net.minecraftforge.server.ServerMain$Runner.access$100(ServerMain.java:60) [forge-1.16.5-36.2.34.jar:?]
	at net.minecraftforge.server.ServerMain.main(ServerMain.java:57) [forge-1.16.5-36.2.34.jar:?]
Caused by: java.lang.ClassNotFoundException: net.minecraft.client.renderer.tileentity.ItemStackTileEntityRenderer
	at java.lang.ClassLoader.findClass(ClassLoader.java:523) ~[?:1.8.0_361]
	at java.lang.ClassLoader.loadClass(ClassLoader.java:418) ~[?:1.8.0_361]
	at cpw.mods.modlauncher.TransformingClassLoader.loadClass(TransformingClassLoader.java:106) ~[modlauncher-8.1.3.jar:?]
	at java.lang.ClassLoader.loadClass(ClassLoader.java:351) ~[?:1.8.0_361]
	... 44 more
	Suppressed: java.lang.ClassNotFoundException
		at cpw.mods.modlauncher.TransformingClassLoader$DelegatedClassLoader.findClass(TransformingClassLoader.java:282) ~[modlauncher-8.1.3.jar:?]
		at cpw.mods.modlauncher.TransformingClassLoader.loadClass(TransformingClassLoader.java:136) ~[modlauncher-8.1.3.jar:?]
		at cpw.mods.modlauncher.TransformingClassLoader.loadClass(TransformingClassLoader.java:98) ~[modlauncher-8.1.3.jar:?]
		at java.lang.ClassLoader.loadClass(ClassLoader.java:351) ~[?:1.8.0_361]
		at com.simibubi.create.Create.<clinit>(Create.java:81) ~[create:mc1.16.5_v0.3.2e]
		at java.lang.Class.forName0(Native Method) ~[?:1.8.0_361]
		at java.lang.Class.forName(Class.java:348) ~[?:1.8.0_361]
		at net.minecraftforge.fml.javafmlmod.FMLModContainer.<init>(FMLModContainer.java:61) ~[forge:36.2]
		at sun.reflect.NativeConstructorAccessorImpl.newInstance0(Native Method) ~[?:1.8.0_361]
		at sun.reflect.NativeConstructorAccessorImpl.newInstance(NativeConstructorAccessorImpl.java:62) ~[?:1.8.0_361]
		at sun.reflect.DelegatingConstructorAccessorImpl.newInstance(DelegatingConstructorAccessorImpl.java:45) ~[?:1.8.0_361]
		at java.lang.reflect.Constructor.newInstance(Constructor.java:423) ~[?:1.8.0_361]
		at net.minecraftforge.fml.javafmlmod.FMLJavaModLanguageProvider$FMLModTarget.loadMod(FMLJavaModLanguageProvider.java:76) ~[forge:36.2]
		at net.minecraftforge.fml.ModLoader.buildModContainerFromTOML(ModLoader.java:302) ~[forge:?]
		at net.minecraftforge.fml.ModLoader.lambda$buildMods$29(ModLoader.java:281) ~[forge:?]
		at java.util.stream.ReferencePipeline$3$1.accept(ReferencePipeline.java:193) ~[?:1.8.0_361]
		at java.util.HashMap$EntrySpliterator.forEachRemaining(HashMap.java:1723) ~[?:1.8.0_361]
		at java.util.stream.AbstractPipeline.copyInto(AbstractPipeline.java:482) ~[?:1.8.0_361]
		at java.util.stream.AbstractPipeline.wrapAndCopyInto(AbstractPipeline.java:472) ~[?:1.8.0_361]
		at java.util.stream.ReduceOps$ReduceOp.evaluateSequential(ReduceOps.java:708) ~[?:1.8.0_361]
		at java.util.stream.AbstractPipeline.evaluate(AbstractPipeline.java:234) ~[?:1.8.0_361]
		at java.util.stream.ReferencePipeline.collect(ReferencePipeline.java:499) ~[?:1.8.0_361]
		at net.minecraftforge.fml.ModLoader.buildMods(ModLoader.java:283) ~[forge:?]
		at net.minecraftforge.fml.ModLoader.lambda$gatherAndInitializeMods$11(ModLoader.java:183) ~[forge:?]
		at java.util.stream.ReferencePipeline$3$1.accept(ReferencePipeline.java:193) ~[?:1.8.0_361]
		at java.util.stream.ReferencePipeline$3$1.accept(ReferencePipeline.java:193) ~[?:1.8.0_361]
		at java.util.ArrayList$ArrayListSpliterator.forEachRemaining(ArrayList.java:1384) ~[?:1.8.0_361]
		at java.util.stream.AbstractPipeline.copyInto(AbstractPipeline.java:482) ~[?:1.8.0_361]
		at java.util.stream.AbstractPipeline.wrapAndCopyInto(AbstractPipeline.java:472) ~[?:1.8.0_361]
		at java.util.stream.ReduceOps$ReduceOp.evaluateSequential(ReduceOps.java:708) ~[?:1.8.0_361]
		at java.util.stream.AbstractPipeline.evaluate(AbstractPipeline.java:234) ~[?:1.8.0_361]
		at java.util.stream.ReferencePipeline.collect(ReferencePipeline.java:499) ~[?:1.8.0_361]
		at net.minecraftforge.fml.ModLoader.gatherAndInitializeMods(ModLoader.java:185) ~[forge:?]
		at net.minecraftforge.fml.server.ServerModLoader.load(ServerModLoader.java:44) ~[forge:?]
		at net.minecraft.server.Main.main(Main.java:95) ~[?:?]
		at sun.reflect.NativeMethodAccessorImpl.invoke0(Native Method) ~[?:1.8.0_361]
		at sun.reflect.NativeMethodAccessorImpl.invoke(NativeMethodAccessorImpl.java:62) ~[?:1.8.0_361]
		at sun.reflect.DelegatingMethodAccessorImpl.invoke(DelegatingMethodAccessorImpl.java:43) ~[?:1.8.0_361]
		at java.lang.reflect.Method.invoke(Method.java:498) ~[?:1.8.0_361]
		at net.minecraftforge.fml.loading.FMLServerLaunchProvider.lambda$launchService$0(FMLServerLaunchProvider.java:51) ~[forge-1.16.5-36.2.34.jar:36.2]
		at cpw.mods.modlauncher.LaunchServiceHandlerDecorator.launch(LaunchServiceHandlerDecorator.java:37) [modlauncher-8.1.3.jar:?]
		at cpw.mods.modlauncher.LaunchServiceHandler.launch(LaunchServiceHandler.java:54) [modlauncher-8.1.3.jar:?]
		at cpw.mods.modlauncher.LaunchServiceHandler.launch(LaunchServiceHandler.java:72) [modlauncher-8.1.3.jar:?]
		at cpw.mods.modlauncher.Launcher.run(Launcher.java:82) [modlauncher-8.1.3.jar:?]
		at cpw.mods.modlauncher.Launcher.main(Launcher.java:66) [modlauncher-8.1.3.jar:?]
		at net.minecraftforge.server.ServerMain$Runner.runLauncher(ServerMain.java:63) [forge-1.16.5-36.2.34.jar:?]
		at net.minecraftforge.server.ServerMain$Runner.access$100(ServerMain.java:60) [forge-1.16.5-36.2.34.jar:?]
		at net.minecraftforge.server.ServerMain.main(ServerMain.java:57) [forge-1.16.5-36.2.34.jar:?]
[05лют.2023 17:45:37.016] [main/FATAL] [net.minecraftforge.fml.javafmlmod.FMLJavaModLanguageProvider/LOADING]: Failed to build mod
java.lang.reflect.InvocationTargetException: null
	at sun.reflect.NativeConstructorAccessorImpl.newInstance0(Native Method) ~[?:1.8.0_361]
	at sun.reflect.NativeConstructorAccessorImpl.newInstance(NativeConstructorAccessorImpl.java:62) ~[?:1.8.0_361]
	at sun.reflect.DelegatingConstructorAccessorImpl.newInstance(DelegatingConstructorAccessorImpl.java:45) ~[?:1.8.0_361]
	at java.lang.reflect.Constructor.newInstance(Constructor.java:423) ~[?:1.8.0_361]
	at net.minecraftforge.fml.javafmlmod.FMLJavaModLanguageProvider$FMLModTarget.loadMod(FMLJavaModLanguageProvider.java:76) ~[forge:36.2]
	at net.minecraftforge.fml.ModLoader.buildModContainerFromTOML(ModLoader.java:302) ~[forge:?]
	at net.minecraftforge.fml.ModLoader.lambda$buildMods$29(ModLoader.java:281) ~[forge:?]
	at java.util.stream.ReferencePipeline$3$1.accept(ReferencePipeline.java:193) ~[?:1.8.0_361]
	at java.util.HashMap$EntrySpliterator.forEachRemaining(HashMap.java:1723) ~[?:1.8.0_361]
	at java.util.stream.AbstractPipeline.copyInto(AbstractPipeline.java:482) ~[?:1.8.0_361]
	at java.util.stream.AbstractPipeline.wrapAndCopyInto(AbstractPipeline.java:472) ~[?:1.8.0_361]
	at java.util.stream.ReduceOps$ReduceOp.evaluateSequential(ReduceOps.java:708) ~[?:1.8.0_361]
	at java.util.stream.AbstractPipeline.evaluate(AbstractPipeline.java:234) ~[?:1.8.0_361]
	at java.util.stream.ReferencePipeline.collect(ReferencePipeline.java:499) ~[?:1.8.0_361]
	at net.minecraftforge.fml.ModLoader.buildMods(ModLoader.java:283) ~[forge:?]
	at net.minecraftforge.fml.ModLoader.lambda$gatherAndInitializeMods$11(ModLoader.java:183) ~[forge:?]
	at java.util.stream.ReferencePipeline$3$1.accept(ReferencePipeline.java:193) ~[?:1.8.0_361]
	at java.util.stream.ReferencePipeline$3$1.accept(ReferencePipeline.java:193) ~[?:1.8.0_361]
	at java.util.ArrayList$ArrayListSpliterator.forEachRemaining(ArrayList.java:1384) ~[?:1.8.0_361]
	at java.util.stream.AbstractPipeline.copyInto(AbstractPipeline.java:482) ~[?:1.8.0_361]
	at java.util.stream.AbstractPipeline.wrapAndCopyInto(AbstractPipeline.java:472) ~[?:1.8.0_361]
	at java.util.stream.ReduceOps$ReduceOp.evaluateSequential(ReduceOps.java:708) ~[?:1.8.0_361]
	at java.util.stream.AbstractPipeline.evaluate(AbstractPipeline.java:234) ~[?:1.8.0_361]
	at java.util.stream.ReferencePipeline.collect(ReferencePipeline.java:499) ~[?:1.8.0_361]
	at net.minecraftforge.fml.ModLoader.gatherAndInitializeMods(ModLoader.java:185) ~[forge:?]
	at net.minecraftforge.fml.server.ServerModLoader.load(ServerModLoader.java:44) ~[forge:?]
	at net.minecraft.server.Main.main(Main.java:95) ~[?:?]
	at sun.reflect.NativeMethodAccessorImpl.invoke0(Native Method) ~[?:1.8.0_361]
	at sun.reflect.NativeMethodAccessorImpl.invoke(NativeMethodAccessorImpl.java:62) ~[?:1.8.0_361]
	at sun.reflect.DelegatingMethodAccessorImpl.invoke(DelegatingMethodAccessorImpl.java:43) ~[?:1.8.0_361]
	at java.lang.reflect.Method.invoke(Method.java:498) ~[?:1.8.0_361]
	at net.minecraftforge.fml.loading.FMLServerLaunchProvider.lambda$launchService$0(FMLServerLaunchProvider.java:51) ~[forge-1.16.5-36.2.34.jar:36.2]
	at cpw.mods.modlauncher.LaunchServiceHandlerDecorator.launch(LaunchServiceHandlerDecorator.java:37) [modlauncher-8.1.3.jar:?]
	at cpw.mods.modlauncher.LaunchServiceHandler.launch(LaunchServiceHandler.java:54) [modlauncher-8.1.3.jar:?]
	at cpw.mods.modlauncher.LaunchServiceHandler.launch(LaunchServiceHandler.java:72) [modlauncher-8.1.3.jar:?]
	at cpw.mods.modlauncher.Launcher.run(Launcher.java:82) [modlauncher-8.1.3.jar:?]
	at cpw.mods.modlauncher.Launcher.main(Launcher.java:66) [modlauncher-8.1.3.jar:?]
	at net.minecraftforge.server.ServerMain$Runner.runLauncher(ServerMain.java:63) [forge-1.16.5-36.2.34.jar:?]
	at net.minecraftforge.server.ServerMain$Runner.access$100(ServerMain.java:60) [forge-1.16.5-36.2.34.jar:?]
	at net.minecraftforge.server.ServerMain.main(ServerMain.java:57) [forge-1.16.5-36.2.34.jar:?]
Caused by: net.minecraftforge.fml.ModLoadingException: Create has class loading errors
§7java.lang.NoClassDefFoundError: net/minecraft/client/renderer/tileentity/ItemStackTileEntityRenderer
	at net.minecraftforge.fml.javafmlmod.FMLModContainer.<init>(FMLModContainer.java:67) ~[forge:36.2]
	... 40 more
Caused by: java.lang.NoClassDefFoundError: net/minecraft/client/renderer/tileentity/ItemStackTileEntityRenderer
	at com.simibubi.create.Create.<clinit>(Create.java:81) ~[create:mc1.16.5_v0.3.2e]
	at java.lang.Class.forName0(Native Method) ~[?:1.8.0_361]
	at java.lang.Class.forName(Class.java:348) ~[?:1.8.0_361]
	at net.minecraftforge.fml.javafmlmod.FMLModContainer.<init>(FMLModContainer.java:61) ~[forge:36.2]
	... 40 more
Caused by: java.lang.ClassNotFoundException: net.minecraft.client.renderer.tileentity.ItemStackTileEntityRenderer
	at java.lang.ClassLoader.findClass(ClassLoader.java:523) ~[?:1.8.0_361]
	at java.lang.ClassLoader.loadClass(ClassLoader.java:418) ~[?:1.8.0_361]
	at cpw.mods.modlauncher.TransformingClassLoader.loadClass(TransformingClassLoader.java:106) ~[modlauncher-8.1.3.jar:?]
	at java.lang.ClassLoader.loadClass(ClassLoader.java:351) ~[?:1.8.0_361]
	at com.simibubi.create.Create.<clinit>(Create.java:81) ~[create:mc1.16.5_v0.3.2e]
	at java.lang.Class.forName0(Native Method) ~[?:1.8.0_361]
	at java.lang.Class.forName(Class.java:348) ~[?:1.8.0_361]
	at net.minecraftforge.fml.javafmlmod.FMLModContainer.<init>(FMLModContainer.java:61) ~[forge:36.2]
	... 40 more
	Suppressed: java.lang.ClassNotFoundException
		at cpw.mods.modlauncher.TransformingClassLoader$DelegatedClassLoader.findClass(TransformingClassLoader.java:282) ~[modlauncher-8.1.3.jar:?]
		at cpw.mods.modlauncher.TransformingClassLoader.loadClass(TransformingClassLoader.java:136) ~[modlauncher-8.1.3.jar:?]
		at cpw.mods.modlauncher.TransformingClassLoader.loadClass(TransformingClassLoader.java:98) ~[modlauncher-8.1.3.jar:?]
		at java.lang.ClassLoader.loadClass(ClassLoader.java:351) ~[?:1.8.0_361]
		at com.simibubi.create.Create.<clinit>(Create.java:81) ~[create:mc1.16.5_v0.3.2e]
		at java.lang.Class.forName0(Native Method) ~[?:1.8.0_361]
		at java.lang.Class.forName(Class.java:348) ~[?:1.8.0_361]
		at net.minecraftforge.fml.javafmlmod.FMLModContainer.<init>(FMLModContainer.java:61) ~[forge:36.2]
		at sun.reflect.NativeConstructorAccessorImpl.newInstance0(Native Method) ~[?:1.8.0_361]
		at sun.reflect.NativeConstructorAccessorImpl.newInstance(NativeConstructorAccessorImpl.java:62) ~[?:1.8.0_361]
		at sun.reflect.DelegatingConstructorAccessorImpl.newInstance(DelegatingConstructorAccessorImpl.java:45) ~[?:1.8.0_361]
		at java.lang.reflect.Constructor.newInstance(Constructor.java:423) ~[?:1.8.0_361]
		at net.minecraftforge.fml.javafmlmod.FMLJavaModLanguageProvider$FMLModTarget.loadMod(FMLJavaModLanguageProvider.java:76) ~[forge:36.2]
		at net.minecraftforge.fml.ModLoader.buildModContainerFromTOML(ModLoader.java:302) ~[forge:?]
		at net.minecraftforge.fml.ModLoader.lambda$buildMods$29(ModLoader.java:281) ~[forge:?]
		at java.util.stream.ReferencePipeline$3$1.accept(ReferencePipeline.java:193) ~[?:1.8.0_361]
		at java.util.HashMap$EntrySpliterator.forEachRemaining(HashMap.java:1723) ~[?:1.8.0_361]
		at java.util.stream.AbstractPipeline.copyInto(AbstractPipeline.java:482) ~[?:1.8.0_361]
		at java.util.stream.AbstractPipeline.wrapAndCopyInto(AbstractPipeline.java:472) ~[?:1.8.0_361]
		at java.util.stream.ReduceOps$ReduceOp.evaluateSequential(ReduceOps.java:708) ~[?:1.8.0_361]
		at java.util.stream.AbstractPipeline.evaluate(AbstractPipeline.java:234) ~[?:1.8.0_361]
		at java.util.stream.ReferencePipeline.collect(ReferencePipeline.java:499) ~[?:1.8.0_361]
		at net.minecraftforge.fml.ModLoader.buildMods(ModLoader.java:283) ~[forge:?]
		at net.minecraftforge.fml.ModLoader.lambda$gatherAndInitializeMods$11(ModLoader.java:183) ~[forge:?]
		at java.util.stream.ReferencePipeline$3$1.accept(ReferencePipeline.java:193) ~[?:1.8.0_361]
		at java.util.stream.ReferencePipeline$3$1.accept(ReferencePipeline.java:193) ~[?:1.8.0_361]
		at java.util.ArrayList$ArrayListSpliterator.forEachRemaining(ArrayList.java:1384) ~[?:1.8.0_361]
		at java.util.stream.AbstractPipeline.copyInto(AbstractPipeline.java:482) ~[?:1.8.0_361]
		at java.util.stream.AbstractPipeline.wrapAndCopyInto(AbstractPipeline.java:472) ~[?:1.8.0_361]
		at java.util.stream.ReduceOps$ReduceOp.evaluateSequential(ReduceOps.java:708) ~[?:1.8.0_361]
		at java.util.stream.AbstractPipeline.evaluate(AbstractPipeline.java:234) ~[?:1.8.0_361]
		at java.util.stream.ReferencePipeline.collect(ReferencePipeline.java:499) ~[?:1.8.0_361]
		at net.minecraftforge.fml.ModLoader.gatherAndInitializeMods(ModLoader.java:185) ~[forge:?]
		at net.minecraftforge.fml.server.ServerModLoader.load(ServerModLoader.java:44) ~[forge:?]
		at net.minecraft.server.Main.main(Main.java:95) ~[?:?]
		at sun.reflect.NativeMethodAccessorImpl.invoke0(Native Method) ~[?:1.8.0_361]
		at sun.reflect.NativeMethodAccessorImpl.invoke(NativeMethodAccessorImpl.java:62) ~[?:1.8.0_361]
		at sun.reflect.DelegatingMethodAccessorImpl.invoke(DelegatingMethodAccessorImpl.java:43) ~[?:1.8.0_361]
		at java.lang.reflect.Method.invoke(Method.java:498) ~[?:1.8.0_361]
		at net.minecraftforge.fml.loading.FMLServerLaunchProvider.lambda$launchService$0(FMLServerLaunchProvider.java:51) ~[forge-1.16.5-36.2.34.jar:36.2]
		at cpw.mods.modlauncher.LaunchServiceHandlerDecorator.launch(LaunchServiceHandlerDecorator.java:37) [modlauncher-8.1.3.jar:?]
		at cpw.mods.modlauncher.LaunchServiceHandler.launch(LaunchServiceHandler.java:54) [modlauncher-8.1.3.jar:?]
		at cpw.mods.modlauncher.LaunchServiceHandler.launch(LaunchServiceHandler.java:72) [modlauncher-8.1.3.jar:?]
		at cpw.mods.modlauncher.Launcher.run(Launcher.java:82) [modlauncher-8.1.3.jar:?]
		at cpw.mods.modlauncher.Launcher.main(Launcher.java:66) [modlauncher-8.1.3.jar:?]
		at net.minecraftforge.server.ServerMain$Runner.runLauncher(ServerMain.java:63) [forge-1.16.5-36.2.34.jar:?]
		at net.minecraftforge.server.ServerMain$Runner.access$100(ServerMain.java:60) [forge-1.16.5-36.2.34.jar:?]
		at net.minecraftforge.server.ServerMain.main(ServerMain.java:57) [forge-1.16.5-36.2.34.jar:?]
[05лют.2023 17:45:37.045] [main/FATAL] [net.minecraftforge.fml.ModLoader/CORE]: Failed to initialize mod containers
net.minecraftforge.fml.ModLoadingException: Create has class loading errors
§7java.lang.NoClassDefFoundError: net/minecraft/client/renderer/tileentity/ItemStackTileEntityRenderer
	at net.minecraftforge.fml.javafmlmod.FMLModContainer.<init>(FMLModContainer.java:67) ~[forge:36.2]
	at sun.reflect.NativeConstructorAccessorImpl.newInstance0(Native Method) ~[?:1.8.0_361]
	at sun.reflect.NativeConstructorAccessorImpl.newInstance(NativeConstructorAccessorImpl.java:62) ~[?:1.8.0_361]
	at sun.reflect.DelegatingConstructorAccessorImpl.newInstance(DelegatingConstructorAccessorImpl.java:45) ~[?:1.8.0_361]
	at java.lang.reflect.Constructor.newInstance(Constructor.java:423) ~[?:1.8.0_361]
	at net.minecraftforge.fml.javafmlmod.FMLJavaModLanguageProvider$FMLModTarget.loadMod(FMLJavaModLanguageProvider.java:76) ~[forge:36.2]
	at net.minecraftforge.fml.ModLoader.buildModContainerFromTOML(ModLoader.java:302) ~[forge:?]
	at net.minecraftforge.fml.ModLoader.lambda$buildMods$29(ModLoader.java:281) ~[forge:?]
	at java.util.stream.ReferencePipeline$3$1.accept(ReferencePipeline.java:193) ~[?:1.8.0_361]
	at java.util.HashMap$EntrySpliterator.forEachRemaining(HashMap.java:1723) ~[?:1.8.0_361]
	at java.util.stream.AbstractPipeline.copyInto(AbstractPipeline.java:482) ~[?:1.8.0_361]
	at java.util.stream.AbstractPipeline.wrapAndCopyInto(AbstractPipeline.java:472) ~[?:1.8.0_361]
	at java.util.stream.ReduceOps$ReduceOp.evaluateSequential(ReduceOps.java:708) ~[?:1.8.0_361]
	at java.util.stream.AbstractPipeline.evaluate(AbstractPipeline.java:234) ~[?:1.8.0_361]
	at java.util.stream.ReferencePipeline.collect(ReferencePipeline.java:499) ~[?:1.8.0_361]
	at net.minecraftforge.fml.ModLoader.buildMods(ModLoader.java:283) ~[forge:?]
	at net.minecraftforge.fml.ModLoader.lambda$gatherAndInitializeMods$11(ModLoader.java:183) ~[forge:?]
	at java.util.stream.ReferencePipeline$3$1.accept(ReferencePipeline.java:193) ~[?:1.8.0_361]
	at java.util.stream.ReferencePipeline$3$1.accept(ReferencePipeline.java:193) ~[?:1.8.0_361]
	at java.util.ArrayList$ArrayListSpliterator.forEachRemaining(ArrayList.java:1384) ~[?:1.8.0_361]
	at java.util.stream.AbstractPipeline.copyInto(AbstractPipeline.java:482) ~[?:1.8.0_361]
	at java.util.stream.AbstractPipeline.wrapAndCopyInto(AbstractPipeline.java:472) ~[?:1.8.0_361]
	at java.util.stream.ReduceOps$ReduceOp.evaluateSequential(ReduceOps.java:708) ~[?:1.8.0_361]
	at java.util.stream.AbstractPipeline.evaluate(AbstractPipeline.java:234) ~[?:1.8.0_361]
	at java.util.stream.ReferencePipeline.collect(ReferencePipeline.java:499) ~[?:1.8.0_361]
	at net.minecraftforge.fml.ModLoader.gatherAndInitializeMods(ModLoader.java:185) ~[forge:?]
	at net.minecraftforge.fml.server.ServerModLoader.load(ServerModLoader.java:44) ~[forge:?]
	at net.minecraft.server.Main.main(Main.java:95) ~[?:?]
	at sun.reflect.NativeMethodAccessorImpl.invoke0(Native Method) ~[?:1.8.0_361]
	at sun.reflect.NativeMethodAccessorImpl.invoke(NativeMethodAccessorImpl.java:62) ~[?:1.8.0_361]
	at sun.reflect.DelegatingMethodAccessorImpl.invoke(DelegatingMethodAccessorImpl.java:43) ~[?:1.8.0_361]
	at java.lang.reflect.Method.invoke(Method.java:498) ~[?:1.8.0_361]
	at net.minecraftforge.fml.loading.FMLServerLaunchProvider.lambda$launchService$0(FMLServerLaunchProvider.java:51) ~[forge-1.16.5-36.2.34.jar:36.2]
	at cpw.mods.modlauncher.LaunchServiceHandlerDecorator.launch(LaunchServiceHandlerDecorator.java:37) [modlauncher-8.1.3.jar:?]
	at cpw.mods.modlauncher.LaunchServiceHandler.launch(LaunchServiceHandler.java:54) [modlauncher-8.1.3.jar:?]
	at cpw.mods.modlauncher.LaunchServiceHandler.launch(LaunchServiceHandler.java:72) [modlauncher-8.1.3.jar:?]
	at cpw.mods.modlauncher.Launcher.run(Launcher.java:82) [modlauncher-8.1.3.jar:?]
	at cpw.mods.modlauncher.Launcher.main(Launcher.java:66) [modlauncher-8.1.3.jar:?]
	at net.minecraftforge.server.ServerMain$Runner.runLauncher(ServerMain.java:63) [forge-1.16.5-36.2.34.jar:?]
	at net.minecraftforge.server.ServerMain$Runner.access$100(ServerMain.java:60) [forge-1.16.5-36.2.34.jar:?]
	at net.minecraftforge.server.ServerMain.main(ServerMain.java:57) [forge-1.16.5-36.2.34.jar:?]
Caused by: java.lang.NoClassDefFoundError: net/minecraft/client/renderer/tileentity/ItemStackTileEntityRenderer
	at com.simibubi.create.Create.<clinit>(Create.java:81) ~[create:mc1.16.5_v0.3.2e]
	at java.lang.Class.forName0(Native Method) ~[?:1.8.0_361]
	at java.lang.Class.forName(Class.java:348) ~[?:1.8.0_361]
	at net.minecraftforge.fml.javafmlmod.FMLModContainer.<init>(FMLModContainer.java:61) ~[forge:36.2]
	... 40 more
Caused by: java.lang.ClassNotFoundException: net.minecraft.client.renderer.tileentity.ItemStackTileEntityRenderer
	at java.lang.ClassLoader.findClass(ClassLoader.java:523) ~[?:1.8.0_361]
	at java.lang.ClassLoader.loadClass(ClassLoader.java:418) ~[?:1.8.0_361]
	at cpw.mods.modlauncher.TransformingClassLoader.loadClass(TransformingClassLoader.java:106) ~[modlauncher-8.1.3.jar:?]
	at java.lang.ClassLoader.loadClass(ClassLoader.java:351) ~[?:1.8.0_361]
	at com.simibubi.create.Create.<clinit>(Create.java:81) ~[create:mc1.16.5_v0.3.2e]
	at java.lang.Class.forName0(Native Method) ~[?:1.8.0_361]
	at java.lang.Class.forName(Class.java:348) ~[?:1.8.0_361]
	at net.minecraftforge.fml.javafmlmod.FMLModContainer.<init>(FMLModContainer.java:61) ~[forge:36.2]
	... 40 more
	Suppressed: java.lang.ClassNotFoundException
		at cpw.mods.modlauncher.TransformingClassLoader$DelegatedClassLoader.findClass(TransformingClassLoader.java:282) ~[modlauncher-8.1.3.jar:?]
		at cpw.mods.modlauncher.TransformingClassLoader.loadClass(TransformingClassLoader.java:136) ~[modlauncher-8.1.3.jar:?]
		at cpw.mods.modlauncher.TransformingClassLoader.loadClass(TransformingClassLoader.java:98) ~[modlauncher-8.1.3.jar:?]
		at java.lang.ClassLoader.loadClass(ClassLoader.java:351) ~[?:1.8.0_361]
		at com.simibubi.create.Create.<clinit>(Create.java:81) ~[create:mc1.16.5_v0.3.2e]
		at java.lang.Class.forName0(Native Method) ~[?:1.8.0_361]
		at java.lang.Class.forName(Class.java:348) ~[?:1.8.0_361]
		at net.minecraftforge.fml.javafmlmod.FMLModContainer.<init>(FMLModContainer.java:61) ~[forge:36.2]
		at sun.reflect.NativeConstructorAccessorImpl.newInstance0(Native Method) ~[?:1.8.0_361]
		at sun.reflect.NativeConstructorAccessorImpl.newInstance(NativeConstructorAccessorImpl.java:62) ~[?:1.8.0_361]
		at sun.reflect.DelegatingConstructorAccessorImpl.newInstance(DelegatingConstructorAccessorImpl.java:45) ~[?:1.8.0_361]
		at java.lang.reflect.Constructor.newInstance(Constructor.java:423) ~[?:1.8.0_361]
		at net.minecraftforge.fml.javafmlmod.FMLJavaModLanguageProvider$FMLModTarget.loadMod(FMLJavaModLanguageProvider.java:76) ~[forge:36.2]
		at net.minecraftforge.fml.ModLoader.buildModContainerFromTOML(ModLoader.java:302) ~[forge:?]
		at net.minecraftforge.fml.ModLoader.lambda$buildMods$29(ModLoader.java:281) ~[forge:?]
		at java.util.stream.ReferencePipeline$3$1.accept(ReferencePipeline.java:193) ~[?:1.8.0_361]
		at java.util.HashMap$EntrySpliterator.forEachRemaining(HashMap.java:1723) ~[?:1.8.0_361]
		at java.util.stream.AbstractPipeline.copyInto(AbstractPipeline.java:482) ~[?:1.8.0_361]
		at java.util.stream.AbstractPipeline.wrapAndCopyInto(AbstractPipeline.java:472) ~[?:1.8.0_361]
		at java.util.stream.ReduceOps$ReduceOp.evaluateSequential(ReduceOps.java:708) ~[?:1.8.0_361]
		at java.util.stream.AbstractPipeline.evaluate(AbstractPipeline.java:234) ~[?:1.8.0_361]
		at java.util.stream.ReferencePipeline.collect(ReferencePipeline.java:499) ~[?:1.8.0_361]
		at net.minecraftforge.fml.ModLoader.buildMods(ModLoader.java:283) ~[forge:?]
		at net.minecraftforge.fml.ModLoader.lambda$gatherAndInitializeMods$11(ModLoader.java:183) ~[forge:?]
		at java.util.stream.ReferencePipeline$3$1.accept(ReferencePipeline.java:193) ~[?:1.8.0_361]
		at java.util.stream.ReferencePipeline$3$1.accept(ReferencePipeline.java:193) ~[?:1.8.0_361]
		at java.util.ArrayList$ArrayListSpliterator.forEachRemaining(ArrayList.java:1384) ~[?:1.8.0_361]
		at java.util.stream.AbstractPipeline.copyInto(AbstractPipeline.java:482) ~[?:1.8.0_361]
		at java.util.stream.AbstractPipeline.wrapAndCopyInto(AbstractPipeline.java:472) ~[?:1.8.0_361]
		at java.util.stream.ReduceOps$ReduceOp.evaluateSequential(ReduceOps.java:708) ~[?:1.8.0_361]
		at java.util.stream.AbstractPipeline.evaluate(AbstractPipeline.java:234) ~[?:1.8.0_361]
		at java.util.stream.ReferencePipeline.collect(ReferencePipeline.java:499) ~[?:1.8.0_361]
		at net.minecraftforge.fml.ModLoader.gatherAndInitializeMods(ModLoader.java:185) ~[forge:?]
		at net.minecraftforge.fml.server.ServerModLoader.load(ServerModLoader.java:44) ~[forge:?]
		at net.minecraft.server.Main.main(Main.java:95) ~[?:?]
		at sun.reflect.NativeMethodAccessorImpl.invoke0(Native Method) ~[?:1.8.0_361]
		at sun.reflect.NativeMethodAccessorImpl.invoke(NativeMethodAccessorImpl.java:62) ~[?:1.8.0_361]
		at sun.reflect.DelegatingMethodAccessorImpl.invoke(DelegatingMethodAccessorImpl.java:43) ~[?:1.8.0_361]
		at java.lang.reflect.Method.invoke(Method.java:498) ~[?:1.8.0_361]
		at net.minecraftforge.fml.loading.FMLServerLaunchProvider.lambda$launchService$0(FMLServerLaunchProvider.java:51) ~[forge-1.16.5-36.2.34.jar:36.2]
		at cpw.mods.modlauncher.LaunchServiceHandlerDecorator.launch(LaunchServiceHandlerDecorator.java:37) [modlauncher-8.1.3.jar:?]
		at cpw.mods.modlauncher.LaunchServiceHandler.launch(LaunchServiceHandler.java:54) [modlauncher-8.1.3.jar:?]
		at cpw.mods.modlauncher.LaunchServiceHandler.launch(LaunchServiceHandler.java:72) [modlauncher-8.1.3.jar:?]
		at cpw.mods.modlauncher.Launcher.run(Launcher.java:82) [modlauncher-8.1.3.jar:?]
		at cpw.mods.modlauncher.Launcher.main(Launcher.java:66) [modlauncher-8.1.3.jar:?]
		at net.minecraftforge.server.ServerMain$Runner.runLauncher(ServerMain.java:63) [forge-1.16.5-36.2.34.jar:?]
		at net.minecraftforge.server.ServerMain$Runner.access$100(ServerMain.java:60) [forge-1.16.5-36.2.34.jar:?]
		at net.minecraftforge.server.ServerMain.main(ServerMain.java:57) [forge-1.16.5-36.2.34.jar:?]
[05лют.2023 17:45:37.083] [main/INFO] [STDOUT/]: [net.minecraft.crash.CrashReport:func_85057_a:196]: Negative index in crash report handler (16/18)
[05лют.2023 17:45:37.094] [main/FATAL] [net.minecraftforge.fml.server.ServerModLoader/]: Crash report saved to ./crash-reports/crash-2023-02-05_17.45.37-fml.txt
[05лют.2023 17:45:37.109] [main/FATAL] [net.minecraft.server.Main/]: Failed to start the minecraft server
net.minecraftforge.fml.LoadingFailedException: Loading errors encountered: [
	Create has class loading errors
§7java.lang.NoClassDefFoundError: net/minecraft/client/renderer/tileentity/ItemStackTileEntityRenderer
]
	at net.minecraftforge.fml.ModLoader.gatherAndInitializeMods(ModLoader.java:190) ~[forge:?]
	at net.minecraftforge.fml.server.ServerModLoader.load(ServerModLoader.java:44) ~[forge:?]
	at net.minecraft.server.Main.main(Main.java:95) ~[?:?]
	at sun.reflect.NativeMethodAccessorImpl.invoke0(Native Method) ~[?:1.8.0_361]
	at sun.reflect.NativeMethodAccessorImpl.invoke(NativeMethodAccessorImpl.java:62) ~[?:1.8.0_361]
	at sun.reflect.DelegatingMethodAccessorImpl.invoke(DelegatingMethodAccessorImpl.java:43) ~[?:1.8.0_361]
	at java.lang.reflect.Method.invoke(Method.java:498) ~[?:1.8.0_361]
	at net.minecraftforge.fml.loading.FMLServerLaunchProvider.lambda$launchService$0(FMLServerLaunchProvider.java:51) ~[forge-1.16.5-36.2.34.jar:36.2]
	at cpw.mods.modlauncher.LaunchServiceHandlerDecorator.launch(LaunchServiceHandlerDecorator.java:37) [modlauncher-8.1.3.jar:?]
	at cpw.mods.modlauncher.LaunchServiceHandler.launch(LaunchServiceHandler.java:54) [modlauncher-8.1.3.jar:?]
	at cpw.mods.modlauncher.LaunchServiceHandler.launch(LaunchServiceHandler.java:72) [modlauncher-8.1.3.jar:?]
	at cpw.mods.modlauncher.Launcher.run(Launcher.java:82) [modlauncher-8.1.3.jar:?]
	at cpw.mods.modlauncher.Launcher.main(Launcher.java:66) [modlauncher-8.1.3.jar:?]
	at net.minecraftforge.server.ServerMain$Runner.runLauncher(ServerMain.java:63) [forge-1.16.5-36.2.34.jar:?]
	at net.minecraftforge.server.ServerMain$Runner.access$100(ServerMain.java:60) [forge-1.16.5-36.2.34.jar:?]
	at net.minecraftforge.server.ServerMain.main(ServerMain.java:57) [forge-1.16.5-36.2.34.jar:?]
